03/28 07:59:54 INFO License Service: Flex 1.5 CF Edition enabled
03/28 07:59:54 INFO Starting Flex 1.5 CF Edition
03/28 07:59:59 INFO Macromedia Flex Build: 87315.134646
03/28 08:42:24 INFO License Service: Flex 1.5 CF Edition enabled
03/28 08:42:24 INFO Starting Flex 1.5 CF Edition
03/28 08:42:28 INFO Macromedia Flex Build: 87315.134646
03/28 10:08:36 INFO License Service: Flex 1.5 CF Edition enabled
03/28 10:08:36 INFO Starting Flex 1.5 CF Edition
03/28 10:08:41 INFO Macromedia Flex Build: 87315.134646
03/28 10:37:19 INFO License Service: Flex 1.5 CF Edition enabled
03/28 10:37:19 INFO Starting Flex 1.5 CF Edition
03/28 10:37:24 INFO Macromedia Flex Build: 87315.134646
03/28 12:09:11 INFO License Service: Flex 1.5 CF Edition enabled
03/28 12:09:11 INFO Starting Flex 1.5 CF Edition
03/28 12:09:15 INFO Macromedia Flex Build: 87315.134646
03/28 18:01:01 INFO License Service: Flex 1.5 CF Edition enabled
03/28 18:01:01 INFO Starting Flex 1.5 CF Edition
03/28 18:01:05 INFO Macromedia Flex Build: 87315.134646
03/30 10:58:26 INFO License Service: Flex 1.5 CF Edition enabled
03/30 10:58:26 INFO Starting Flex 1.5 CF Edition
03/30 10:58:31 INFO Macromedia Flex Build: 87315.134646
04/02 12:16:48 INFO License Service: Flex 1.5 CF Edition enabled
04/02 12:16:48 INFO Starting Flex 1.5 CF Edition
04/02 12:16:53 INFO Macromedia Flex Build: 87315.134646
04/03 13:05:51 INFO License Service: Flex 1.5 CF Edition enabled
04/03 13:05:51 INFO Starting Flex 1.5 CF Edition
04/03 13:05:55 INFO Macromedia Flex Build: 87315.134646
04/04 19:40:17 INFO License Service: Flex 1.5 CF Edition enabled
04/04 19:40:17 INFO Starting Flex 1.5 CF Edition
04/04 19:40:26 INFO Macromedia Flex Build: 87315.134646
04/05 17:02:29 INFO License Service: Flex 1.5 CF Edition enabled
04/05 17:02:29 INFO Starting Flex 1.5 CF Edition
04/05 17:02:34 INFO Macromedia Flex Build: 87315.134646
04/06 08:54:46 INFO License Service: Flex 1.5 CF Edition enabled
04/06 08:54:46 INFO Starting Flex 1.5 CF Edition
04/06 08:54:51 INFO Macromedia Flex Build: 87315.134646
05/24 22:20:46 INFO License Service: Flex 1.5 CF Edition enabled
05/24 22:20:46 INFO Starting Flex 1.5 CF Edition
05/24 22:20:57 INFO Macromedia Flex Build: 87315.134646
